<?xml version="1.0" encoding="UTF-8"?>
<!-- Generated by org.testng.reporters.JUnitReportReporter -->
<testsuite hostname="SaiRam" failures="0" tests="1" name="dataDriven.excelDataProvider.excell" time="1.152" errors="0" timestamp="2025-06-28T23:37:20 IST" skipped="0">
  <testcase classname="dataDriven.excelDataProvider.excell" name="getExcel" time="1.152"/>
</testsuite> <!-- dataDriven.excelDataProvider.excell -->
